<?xml version="1.0" encoding="utf-8"?><testsuites name="pytest tests"><testsuite name="pytest" errors="0" failures="0" skipped="0" tests="27" time="3.285" timestamp="2026-02-21T07:21:36.241315+00:00" hostname="agent-env-eecb76a6-7178-479a-b754-de003aa05dbb"><testcase classname="backend.tests.test_movements_fase7.TestHealthEndpoint" name="test_health_returns_ok" time="0.244" /><testcase classname="backend.tests.test_movements_fase7.TestMovementsStatusFilter" name="test_movements_status_filter_requires_auth" time="0.116" /><testcase classname="backend.tests.test_movements_fase7.TestMovementsStatusFilter" name="test_movements_status_classified_filter_requires_auth" time="0.108" /><testcase classname="backend.tests.test_movements_fase7.TestMovementsStatusFilter" name="test_movements_status_closed_filter_requires_auth" time="0.148" /><testcase classname="backend.tests.test_movements_fase7.TestMovementsStatusFilter" name="test_movements_combined_filters_require_auth" time="0.149" /><testcase classname="backend.tests.test_movements_fase7.TestMovementsStatusUpdate" name="test_patch_status_to_classified_requires_auth" time="0.101" /><testcase classname="backend.tests.test_movements_fase7.TestMovementsStatusUpdate" name="test_patch_status_to_closed_requires_auth" time="0.110" /><testcase classname="backend.tests.test_movements_fase7.TestMovementsStatusUpdate" name="test_patch_status_to_pending_requires_auth" time="0.131" /><testcase classname="backend.tests.test_movements_fase7.TestMovementsResponsibleField" name="test_patch_responsible_field_requires_auth" time="0.131" /><testcase classname="backend.tests.test_movements_fase7.TestMovementsResponsibleField" name="test_patch_responsible_empty_requires_auth" time="0.103" /><testcase classname="backend.tests.test_movements_fase7.TestMovementsResponsibleField" name="test_patch_responsible_null_requires_auth" time="0.138" /><testcase classname="backend.tests.test_movements_fase7.TestMovementsResponsibleField" name="test_patch_status_and_responsible_together_requires_auth" time="0.100" /><testcase classname="backend.tests.test_movements_fase7.TestMovementsCreate" name="test_create_movement_requires_auth" time="0.121" /><testcase classname="backend.tests.test_movements_fase7.TestMovementsCreate" name="test_create_movement_with_status_pending_requires_auth" time="0.135" /><testcase classname="backend.tests.test_movements_fase7.TestMovementsCreate" name="test_create_movement_with_responsible_requires_auth" time="0.114" /><testcase classname="backend.tests.test_movements_fase7.TestMovementsOwnership" name="test_list_movements_returns_401_without_auth" time="0.103" /><testcase classname="backend.tests.test_movements_fase7.TestMovementsOwnership" name="test_delete_movement_requires_auth_for_ownership" time="0.108" /><testcase classname="backend.tests.test_movements_fase7.TestInvalidTokenResponses" name="test_list_movements_with_invalid_token_returns_401" time="0.098" /><testcase classname="backend.tests.test_movements_fase7.TestInvalidTokenResponses" name="test_patch_movement_with_invalid_token_returns_401" time="0.113" /><testcase classname="backend.tests.test_movements_fase7.TestInvalidTokenResponses" name="test_create_movement_with_invalid_token_returns_401" time="0.109" /><testcase classname="backend.tests.test_movements_fase7.TestAPIValidation" name="test_post_movement_without_required_fields_returns_422" time="0.111" /><testcase classname="backend.tests.test_movements_fase7.TestAPIValidation" name="test_patch_movement_with_empty_body" time="0.101" /><testcase classname="backend.tests.test_movements_fase7.TestKPISummaryWithStatus" name="test_kpis_summary_requires_auth" time="0.107" /><testcase classname="backend.tests.test_movements_fase7.TestSchemaValidation" name="test_movement_create_schema_accepts_status_field" time="0.097" /><testcase classname="backend.tests.test_movements_fase7.TestSchemaValidation" name="test_movement_create_schema_accepts_responsible_field" time="0.100" /><testcase classname="backend.tests.test_movements_fase7.TestSchemaValidation" name="test_movement_update_schema_accepts_status_field" time="0.104" /><testcase classname="backend.tests.test_movements_fase7.TestSchemaValidation" name="test_movement_update_schema_accepts_responsible_field" time="0.109" /></testsuite></testsuites>