<?xml version="1.0" encoding="utf-8"?><testsuites name="pytest tests"><testsuite name="pytest" errors="0" failures="0" skipped="0" tests="10" time="1.419" timestamp="2026-02-21T16:12:01.684635+00:00" hostname="agent-env-5c5a2566-a79e-4a70-b411-573cae5e2165"><testcase classname="backend.tests.test_fase8_kpis.TestKPIsSummaryAuthRequired" name="test_kpis_summary_returns_401_without_token" time="0.215" /><testcase classname="backend.tests.test_fase8_kpis.TestKPIsSummaryAuthRequired" name="test_kpis_summary_today_returns_401_without_token" time="0.166" /><testcase classname="backend.tests.test_fase8_kpis.TestKPIsSummaryAuthRequired" name="test_kpis_summary_week_returns_401_without_token" time="0.108" /><testcase classname="backend.tests.test_fase8_kpis.TestKPIsSummaryAuthRequired" name="test_kpis_summary_month_returns_401_without_token" time="0.152" /><testcase classname="backend.tests.test_fase8_kpis.TestHealthAndPublicEndpoints" name="test_health_endpoint_returns_ok" time="0.164" /><testcase classname="backend.tests.test_fase8_kpis.TestHealthAndPublicEndpoints" name="test_business_units_is_public" time="0.119" /><testcase classname="backend.tests.test_fase8_kpis.TestHealthAndPublicEndpoints" name="test_tags_is_public" time="0.101" /><testcase classname="backend.tests.test_fase8_kpis.TestMovementsRequireAuth" name="test_movements_list_returns_401_without_token" time="0.119" /><testcase classname="backend.tests.test_fase8_kpis.TestMovementsRequireAuth" name="test_movements_create_returns_401_without_token" time="0.111" /><testcase classname="backend.tests.test_fase8_kpis.TestInvalidPeriodParameter" name="test_kpis_summary_invalid_period_returns_422" time="0.108" /></testsuite></testsuites>