<?xml version="1.0" encoding="utf-8"?><testsuites name="pytest tests"><testsuite name="pytest" errors="0" failures="0" skipped="1" tests="17" time="2.279" timestamp="2026-02-21T15:07:07.605453+00:00" hostname="agent-env-523c52e0-e89b-45c4-ba88-8608513d58bd"><testcase classname="tests.test_suma_api.TestHealthEndpoint" name="test_health_returns_ok" time="0.191" /><testcase classname="tests.test_suma_api.TestAuthEndpoints" name="test_auth_me_rejects_no_token" time="0.347" /><testcase classname="tests.test_suma_api.TestAuthEndpoints" name="test_auth_me_rejects_invalid_token" time="0.148" /><testcase classname="tests.test_suma_api.TestAuthEndpoints" name="test_auth_register_rejects_invalid_token" time="0.103" /><testcase classname="tests.test_suma_api.TestAuthEndpoints" name="test_auth_register_rejects_no_token" time="0.129" /><testcase classname="tests.test_suma_api.TestMovementsEndpointsAuth" name="test_list_movements_requires_auth" time="0.148" /><testcase classname="tests.test_suma_api.TestMovementsEndpointsAuth" name="test_list_movements_status_filter_requires_auth" time="0.111" /><testcase classname="tests.test_suma_api.TestMovementsEndpointsAuth" name="test_list_movements_type_filter_requires_auth" time="0.110" /><testcase classname="tests.test_suma_api.TestMovementsEndpointsAuth" name="test_create_movement_requires_auth" time="0.103" /><testcase classname="tests.test_suma_api.TestMovementsEndpointsAuth" name="test_update_movement_requires_auth" time="0.120" /><testcase classname="tests.test_suma_api.TestMovementsEndpointsAuth" name="test_delete_movement_requires_auth" time="0.116" /><testcase classname="tests.test_suma_api.TestBusinessUnitsEndpoints" name="test_list_business_units" time="0.129" /><testcase classname="tests.test_suma_api.TestBusinessUnitsEndpoints" name="test_create_business_unit" time="0.118" /><testcase classname="tests.test_suma_api.TestTagsEndpoints" name="test_list_tags" time="0.127" /><testcase classname="tests.test_suma_api.TestTagsEndpoints" name="test_create_tag" time="0.114" /><testcase classname="tests.test_suma_api.TestKPIsEndpoint" name="test_kpis_summary_requires_auth" time="0.108" /><testcase classname="tests.test_suma_api.TestSeedEndpoint" name="test_seed_returns_response" time="0.000"><skipped type="pytest.skip" message="KNOWN ISSUE: Seed endpoint fails with IntegrityError - movements require user_id which is NOT NULL">/app/backend/tests/test_suma_api.py:204: KNOWN ISSUE: Seed endpoint fails with IntegrityError - movements require user_id which is NOT NULL</skipped></testcase></testsuite></testsuites>