<?xml version="1.0" encoding="utf-8"?><testsuites name="pytest tests"><testsuite name="pytest" errors="0" failures="0" skipped="0" tests="26" time="3.027" timestamp="2026-02-21T06:11:48.310499+00:00" hostname="agent-env-75fcda05-b35e-44a8-9b7a-9dedeff09db2"><testcase classname="backend.tests.test_movements_auth.TestHealthEndpoint" name="test_health_returns_ok" time="0.260" /><testcase classname="backend.tests.test_movements_auth.TestMovementsAuth" name="test_list_movements_requires_auth" time="0.117" /><testcase classname="backend.tests.test_movements_auth.TestMovementsAuth" name="test_list_movements_rejects_invalid_token" time="0.108" /><testcase classname="backend.tests.test_movements_auth.TestMovementsAuth" name="test_list_movements_rejects_malformed_token" time="0.120" /><testcase classname="backend.tests.test_movements_auth.TestMovementsAuth" name="test_list_movements_with_status_filter_requires_auth" time="0.102" /><testcase classname="backend.tests.test_movements_auth.TestMovementsAuth" name="test_list_movements_with_type_filter_requires_auth" time="0.101" /><testcase classname="backend.tests.test_movements_auth.TestMovementsAuth" name="test_create_movement_requires_auth" time="0.107" /><testcase classname="backend.tests.test_movements_auth.TestMovementsAuth" name="test_create_movement_rejects_invalid_token" time="0.114" /><testcase classname="backend.tests.test_movements_auth.TestMovementsAuth" name="test_update_movement_requires_auth" time="0.141" /><testcase classname="backend.tests.test_movements_auth.TestMovementsAuth" name="test_update_movement_rejects_invalid_token" time="0.113" /><testcase classname="backend.tests.test_movements_auth.TestMovementsAuth" name="test_delete_movement_requires_auth" time="0.104" /><testcase classname="backend.tests.test_movements_auth.TestMovementsAuth" name="test_delete_movement_rejects_invalid_token" time="0.113" /><testcase classname="backend.tests.test_movements_auth.TestKPIsAuth" name="test_kpis_summary_requires_auth" time="0.095" /><testcase classname="backend.tests.test_movements_auth.TestKPIsAuth" name="test_kpis_summary_rejects_invalid_token" time="0.113" /><testcase classname="backend.tests.test_movements_auth.TestKPIsAuth" name="test_kpis_summary_rejects_malformed_token" time="0.103" /><testcase classname="backend.tests.test_movements_auth.TestAuthEndpoints" name="test_auth_me_requires_auth" time="0.104" /><testcase classname="backend.tests.test_movements_auth.TestAuthEndpoints" name="test_auth_me_rejects_invalid_token" time="0.108" /><testcase classname="backend.tests.test_movements_auth.TestAuthEndpoints" name="test_auth_register_requires_auth" time="0.104" /><testcase classname="backend.tests.test_movements_auth.TestAuthEndpoints" name="test_auth_register_rejects_invalid_token" time="0.114" /><testcase classname="backend.tests.test_movements_auth.TestPublicEndpoints" name="test_business_units_list_is_public" time="0.118" /><testcase classname="backend.tests.test_movements_auth.TestPublicEndpoints" name="test_business_units_create_is_public" time="0.116" /><testcase classname="backend.tests.test_movements_auth.TestPublicEndpoints" name="test_tags_list_is_public" time="0.114" /><testcase classname="backend.tests.test_movements_auth.TestPublicEndpoints" name="test_tags_create_is_public" time="0.120" /><testcase classname="backend.tests.test_movements_auth.TestMovementModel" name="test_movement_response_includes_user_id" time="0.000" /><testcase classname="backend.tests.test_movements_auth.TestErrorMessages" name="test_missing_auth_header_message" time="0.112" /><testcase classname="backend.tests.test_movements_auth.TestErrorMessages" name="test_invalid_token_message" time="0.120" /></testsuite></testsuites>