<?xml version="1.0" encoding="utf-8"?><testsuites name="pytest tests"><testsuite name="pytest" errors="0" failures="1" skipped="0" tests="70" time="7.622" timestamp="2026-02-21T07:22:50.890050+00:00" hostname="agent-env-eecb76a6-7178-479a-b754-de003aa05dbb"><testcase classname="backend.tests.test_movements_auth.TestHealthEndpoint" name="test_health_returns_ok" time="0.248" /><testcase classname="backend.tests.test_movements_auth.TestMovementsAuth" name="test_list_movements_requires_auth" time="0.106" /><testcase classname="backend.tests.test_movements_auth.TestMovementsAuth" name="test_list_movements_rejects_invalid_token" time="0.101" /><testcase classname="backend.tests.test_movements_auth.TestMovementsAuth" name="test_list_movements_rejects_malformed_token" time="0.109" /><testcase classname="backend.tests.test_movements_auth.TestMovementsAuth" name="test_list_movements_with_status_filter_requires_auth" time="0.108" /><testcase classname="backend.tests.test_movements_auth.TestMovementsAuth" name="test_list_movements_with_type_filter_requires_auth" time="0.109" /><testcase classname="backend.tests.test_movements_auth.TestMovementsAuth" name="test_create_movement_requires_auth" time="0.110" /><testcase classname="backend.tests.test_movements_auth.TestMovementsAuth" name="test_create_movement_rejects_invalid_token" time="0.124" /><testcase classname="backend.tests.test_movements_auth.TestMovementsAuth" name="test_update_movement_requires_auth" time="0.115" /><testcase classname="backend.tests.test_movements_auth.TestMovementsAuth" name="test_update_movement_rejects_invalid_token" time="0.105" /><testcase classname="backend.tests.test_movements_auth.TestMovementsAuth" name="test_delete_movement_requires_auth" time="0.102" /><testcase classname="backend.tests.test_movements_auth.TestMovementsAuth" name="test_delete_movement_rejects_invalid_token" time="0.112" /><testcase classname="backend.tests.test_movements_auth.TestKPIsAuth" name="test_kpis_summary_requires_auth" time="0.095" /><testcase classname="backend.tests.test_movements_auth.TestKPIsAuth" name="test_kpis_summary_rejects_invalid_token" time="0.099" /><testcase classname="backend.tests.test_movements_auth.TestKPIsAuth" name="test_kpis_summary_rejects_malformed_token" time="0.112" /><testcase classname="backend.tests.test_movements_auth.TestAuthEndpoints" name="test_auth_me_requires_auth" time="0.095" /><testcase classname="backend.tests.test_movements_auth.TestAuthEndpoints" name="test_auth_me_rejects_invalid_token" time="0.097" /><testcase classname="backend.tests.test_movements_auth.TestAuthEndpoints" name="test_auth_register_requires_auth" time="0.112" /><testcase classname="backend.tests.test_movements_auth.TestAuthEndpoints" name="test_auth_register_rejects_invalid_token" time="0.107" /><testcase classname="backend.tests.test_movements_auth.TestPublicEndpoints" name="test_business_units_list_is_public" time="0.110" /><testcase classname="backend.tests.test_movements_auth.TestPublicEndpoints" name="test_business_units_create_is_public" time="0.119" /><testcase classname="backend.tests.test_movements_auth.TestPublicEndpoints" name="test_tags_list_is_public" time="0.108" /><testcase classname="backend.tests.test_movements_auth.TestPublicEndpoints" name="test_tags_create_is_public" time="0.114" /><testcase classname="backend.tests.test_movements_auth.TestMovementModel" name="test_movement_response_includes_user_id" time="0.000" /><testcase classname="backend.tests.test_movements_auth.TestErrorMessages" name="test_missing_auth_header_message" time="0.104" /><testcase classname="backend.tests.test_movements_auth.TestErrorMessages" name="test_invalid_token_message" time="0.104" /><testcase classname="backend.tests.test_movements_fase7.TestHealthEndpoint" name="test_health_returns_ok" time="0.103" /><testcase classname="backend.tests.test_movements_fase7.TestMovementsStatusFilter" name="test_movements_status_filter_requires_auth" time="0.098" /><testcase classname="backend.tests.test_movements_fase7.TestMovementsStatusFilter" name="test_movements_status_classified_filter_requires_auth" time="0.110" /><testcase classname="backend.tests.test_movements_fase7.TestMovementsStatusFilter" name="test_movements_status_closed_filter_requires_auth" time="0.110" /><testcase classname="backend.tests.test_movements_fase7.TestMovementsStatusFilter" name="test_movements_combined_filters_require_auth" time="0.099" /><testcase classname="backend.tests.test_movements_fase7.TestMovementsStatusUpdate" name="test_patch_status_to_classified_requires_auth" time="0.109" /><testcase classname="backend.tests.test_movements_fase7.TestMovementsStatusUpdate" name="test_patch_status_to_closed_requires_auth" time="0.096" /><testcase classname="backend.tests.test_movements_fase7.TestMovementsStatusUpdate" name="test_patch_status_to_pending_requires_auth" time="0.111" /><testcase classname="backend.tests.test_movements_fase7.TestMovementsResponsibleField" name="test_patch_responsible_field_requires_auth" time="0.106" /><testcase classname="backend.tests.test_movements_fase7.TestMovementsResponsibleField" name="test_patch_responsible_empty_requires_auth" time="0.106" /><testcase classname="backend.tests.test_movements_fase7.TestMovementsResponsibleField" name="test_patch_responsible_null_requires_auth" time="0.104" /><testcase classname="backend.tests.test_movements_fase7.TestMovementsResponsibleField" name="test_patch_status_and_responsible_together_requires_auth" time="0.107" /><testcase classname="backend.tests.test_movements_fase7.TestMovementsCreate" name="test_create_movement_requires_auth" time="0.102" /><testcase classname="backend.tests.test_movements_fase7.TestMovementsCreate" name="test_create_movement_with_status_pending_requires_auth" time="0.100" /><testcase classname="backend.tests.test_movements_fase7.TestMovementsCreate" name="test_create_movement_with_responsible_requires_auth" time="0.103" /><testcase classname="backend.tests.test_movements_fase7.TestMovementsOwnership" name="test_list_movements_returns_401_without_auth" time="0.103" /><testcase classname="backend.tests.test_movements_fase7.TestMovementsOwnership" name="test_delete_movement_requires_auth_for_ownership" time="0.103" /><testcase classname="backend.tests.test_movements_fase7.TestInvalidTokenResponses" name="test_list_movements_with_invalid_token_returns_401" time="0.116" /><testcase classname="backend.tests.test_movements_fase7.TestInvalidTokenResponses" name="test_patch_movement_with_invalid_token_returns_401" time="0.119" /><testcase classname="backend.tests.test_movements_fase7.TestInvalidTokenResponses" name="test_create_movement_with_invalid_token_returns_401" time="0.104" /><testcase classname="backend.tests.test_movements_fase7.TestAPIValidation" name="test_post_movement_without_required_fields_returns_422" time="0.101" /><testcase classname="backend.tests.test_movements_fase7.TestAPIValidation" name="test_patch_movement_with_empty_body" time="0.126" /><testcase classname="backend.tests.test_movements_fase7.TestKPISummaryWithStatus" name="test_kpis_summary_requires_auth" time="0.098" /><testcase classname="backend.tests.test_movements_fase7.TestSchemaValidation" name="test_movement_create_schema_accepts_status_field" time="0.106" /><testcase classname="backend.tests.test_movements_fase7.TestSchemaValidation" name="test_movement_create_schema_accepts_responsible_field" time="0.118" /><testcase classname="backend.tests.test_movements_fase7.TestSchemaValidation" name="test_movement_update_schema_accepts_status_field" time="0.100" /><testcase classname="backend.tests.test_movements_fase7.TestSchemaValidation" name="test_movement_update_schema_accepts_responsible_field" time="0.107" /><testcase classname="backend.tests.test_suma_api.TestHealthEndpoint" name="test_health_returns_ok" time="0.100" /><testcase classname="backend.tests.test_suma_api.TestAuthEndpoints" name="test_auth_me_rejects_no_token" time="0.112" /><testcase classname="backend.tests.test_suma_api.TestAuthEndpoints" name="test_auth_me_rejects_invalid_token" time="0.105" /><testcase classname="backend.tests.test_suma_api.TestAuthEndpoints" name="test_auth_register_rejects_invalid_token" time="0.100" /><testcase classname="backend.tests.test_suma_api.TestAuthEndpoints" name="test_auth_register_rejects_no_token" time="0.130" /><testcase classname="backend.tests.test_suma_api.TestMovementsEndpointsAuth" name="test_list_movements_requires_auth" time="0.099" /><testcase classname="backend.tests.test_suma_api.TestMovementsEndpointsAuth" name="test_list_movements_status_filter_requires_auth" time="0.108" /><testcase classname="backend.tests.test_suma_api.TestMovementsEndpointsAuth" name="test_list_movements_type_filter_requires_auth" time="0.108" /><testcase classname="backend.tests.test_suma_api.TestMovementsEndpointsAuth" name="test_create_movement_requires_auth" time="0.094" /><testcase classname="backend.tests.test_suma_api.TestMovementsEndpointsAuth" name="test_update_movement_requires_auth" time="0.104" /><testcase classname="backend.tests.test_suma_api.TestMovementsEndpointsAuth" name="test_delete_movement_requires_auth" time="0.099" /><testcase classname="backend.tests.test_suma_api.TestBusinessUnitsEndpoints" name="test_list_business_units" time="0.124" /><testcase classname="backend.tests.test_suma_api.TestBusinessUnitsEndpoints" name="test_create_business_unit" time="0.110" /><testcase classname="backend.tests.test_suma_api.TestTagsEndpoints" name="test_list_tags" time="0.107" /><testcase classname="backend.tests.test_suma_api.TestTagsEndpoints" name="test_create_tag" time="0.104" /><testcase classname="backend.tests.test_suma_api.TestKPIsEndpoint" name="test_kpis_summary_requires_auth" time="0.105" /><testcase classname="backend.tests.test_suma_api.TestSeedEndpoint" name="test_seed_returns_response" time="0.106"><failure message="assert 520 in [200, 500]&#10; +  where 520 = &lt;Response [520]&gt;.status_code">backend/tests/test_suma_api.py:209: in test_seed_returns_response
    assert response.status_code in [200, 500]
E   assert 520 in [200, 500]
E    +  where 520 = &lt;Response [520]&gt;.status_code</failure></testcase></testsuite></testsuites>