<?xml version="1.0" encoding="utf-8"?><testsuites name="pytest tests"><testsuite name="pytest" errors="0" failures="0" skipped="0" tests="17" time="3.342" timestamp="2026-02-21T04:14:01.951708+00:00" hostname="agent-env-cd1a0b8d-782a-4a70-aeea-29fa87a82c02"><testcase classname="tests.test_suma_api.TestHealthEndpoint" name="test_health_returns_ok" time="0.439" /><testcase classname="tests.test_suma_api.TestAuthEndpoints" name="test_auth_me_rejects_no_token" time="0.151" /><testcase classname="tests.test_suma_api.TestAuthEndpoints" name="test_auth_me_rejects_invalid_token" time="0.133" /><testcase classname="tests.test_suma_api.TestAuthEndpoints" name="test_auth_register_rejects_invalid_token" time="0.103" /><testcase classname="tests.test_suma_api.TestAuthEndpoints" name="test_auth_register_rejects_no_token" time="0.155" /><testcase classname="tests.test_suma_api.TestSeedEndpoint" name="test_seed_is_idempotent" time="0.119" /><testcase classname="tests.test_suma_api.TestMovementsEndpoints" name="test_list_movements_returns_data" time="0.130" /><testcase classname="tests.test_suma_api.TestMovementsEndpoints" name="test_list_movements_with_status_filter" time="0.117" /><testcase classname="tests.test_suma_api.TestMovementsEndpoints" name="test_list_movements_with_type_filter" time="0.139" /><testcase classname="tests.test_suma_api.TestMovementsEndpoints" name="test_create_movement_and_verify" time="0.433" /><testcase classname="tests.test_suma_api.TestMovementsEndpoints" name="test_update_movement" time="0.370" /><testcase classname="tests.test_suma_api.TestMovementsEndpoints" name="test_delete_movement" time="0.410" /><testcase classname="tests.test_suma_api.TestBusinessUnitsEndpoints" name="test_list_business_units" time="0.114" /><testcase classname="tests.test_suma_api.TestBusinessUnitsEndpoints" name="test_create_business_unit" time="0.111" /><testcase classname="tests.test_suma_api.TestTagsEndpoints" name="test_list_tags" time="0.109" /><testcase classname="tests.test_suma_api.TestTagsEndpoints" name="test_create_tag" time="0.106" /><testcase classname="tests.test_suma_api.TestKPIsEndpoint" name="test_kpis_summary_returns_valid_data" time="0.128" /></testsuite></testsuites>